<?xml version="1.0" encoding="UTF-8"?>
<!-- Generated by org.testng.reporters.JUnitReportReporter -->
<testsuite skipped="0" hostname="DELL" name="com.w2a.archBatch2.Rough.TestCase" tests="1" failures="0" timestamp="11 Mar 2018 09:12:05 GMT" time="18.905" errors="0">
  <testcase name="doLogin" time="18.905" classname="com.w2a.archBatch2.Rough.TestCase"/>
</testsuite> <!-- com.w2a.archBatch2.Rough.TestCase -->
